c:\users\edixon vargas\documents\github\insyde\insyde\gui\x64\debug\vc140.pdb
c:\users\edixon vargas\documents\github\insyde\insyde\gui\x64\debug\progressplotter.obj
c:\users\edixon vargas\documents\github\insyde\insyde\gui\x64\debug\plotterdata.obj
c:\users\edixon vargas\documents\github\insyde\insyde\gui\x64\debug\newprojectwizard.obj
c:\users\edixon vargas\documents\github\insyde\insyde\gui\x64\debug\newmainwindow.obj
c:\users\edixon vargas\documents\github\insyde\insyde\gui\x64\debug\moc_view.obj
c:\users\edixon vargas\documents\github\insyde\insyde\gui\x64\debug\moc_simulationcontrol.obj
c:\users\edixon vargas\documents\github\insyde\insyde\gui\x64\debug\moc_selectprojectpage.obj
c:\users\edixon vargas\documents\github\insyde\insyde\gui\x64\debug\moc_pruebapantallas.obj
c:\users\edixon vargas\documents\github\insyde\insyde\gui\x64\debug\moc_progressplotter.obj
c:\users\edixon vargas\documents\github\insyde\insyde\gui\x64\debug\moc_plotterdata.obj
c:\users\edixon vargas\documents\github\insyde\insyde\gui\x64\debug\moc_newprojectwizard.obj
c:\users\edixon vargas\documents\github\insyde\insyde\gui\x64\debug\moc_newmainwindow.obj
c:\users\edixon vargas\documents\github\insyde\insyde\gui\x64\debug\moc_mainwindow.obj
c:\users\edixon vargas\documents\github\insyde\insyde\gui\x64\debug\moc_chooseprojectnamepage.obj
c:\users\edixon vargas\documents\github\insyde\insyde\gui\x64\debug\moc_binaryoutputelement.obj
c:\users\edixon vargas\documents\github\insyde\insyde\gui\x64\debug\mainwindow.obj
c:\users\edixon vargas\documents\github\insyde\insyde\gui\x64\debug\main.obj
c:\users\edixon vargas\documents\github\insyde\insyde\gui\x64\debug\qrc_gui_media.obj
c:\users\edixon vargas\documents\github\insyde\insyde\gui\x64\debug\chooseprojectnamepage.obj
c:\users\edixon vargas\documents\github\insyde\insyde\gui\x64\debug\binaryoutputelement.obj
c:\users\edixon vargas\documents\github\insyde\insyde\gui\x64\debug\view.obj
c:\users\edixon vargas\documents\github\insyde\insyde\gui\x64\debug\simulationcontrol.obj
c:\users\edixon vargas\documents\github\insyde\insyde\gui\x64\debug\selectprojectpage.obj
c:\users\edixon vargas\documents\github\insyde\insyde\gui\x64\debug\pruebapantallas.obj
c:\users\edixon vargas\documents\github\insyde\insyde\gui\moc\moc_binaryoutputelement.cpp
c:\users\edixon vargas\documents\github\insyde\insyde\gui\moc\moc_chooseprojectnamepage.cpp
c:\users\edixon vargas\documents\github\insyde\insyde\gui\moc\moc_mainwindow.cpp
c:\users\edixon vargas\documents\github\insyde\insyde\gui\moc\moc_newmainwindow.cpp
c:\users\edixon vargas\documents\github\insyde\insyde\gui\moc\moc_newprojectwizard.cpp
c:\users\edixon vargas\documents\github\insyde\insyde\gui\moc\moc_plotterdata.cpp
c:\users\edixon vargas\documents\github\insyde\insyde\gui\moc\moc_progressplotter.cpp
c:\users\edixon vargas\documents\github\insyde\insyde\gui\moc\moc_pruebapantallas.cpp
c:\users\edixon vargas\documents\github\insyde\insyde\gui\moc\moc_selectprojectpage.cpp
c:\users\edixon vargas\documents\github\insyde\insyde\gui\moc\moc_simulationcontrol.cpp
c:\users\edixon vargas\documents\github\insyde\insyde\gui\moc\moc_view.cpp
c:\users\edixon vargas\documents\github\insyde\insyde\gui\generatedfiles\ui_chooseprojectnamepage.h
c:\users\edixon vargas\documents\github\insyde\insyde\gui\generatedfiles\ui_mainwindow.h
c:\users\edixon vargas\documents\github\insyde\insyde\gui\generatedfiles\ui_newprojectdialog.h
c:\users\edixon vargas\documents\github\insyde\insyde\gui\generatedfiles\ui_newprojectwizard.h
c:\users\edixon vargas\documents\github\insyde\insyde\gui\generatedfiles\ui_prueba_pantallas.h
c:\users\edixon vargas\documents\github\insyde\insyde\gui\generatedfiles\ui_selectprojectpage.h
c:\users\edixon vargas\documents\github\insyde\insyde\gui\generatedfiles\qrc_gui_media.cpp
c:\users\edixon vargas\documents\github\insyde\insyde\gui\x64\debug\insyde.tlog\cl.command.1.tlog
c:\users\edixon vargas\documents\github\insyde\insyde\gui\x64\debug\insyde.tlog\cl.read.1.tlog
c:\users\edixon vargas\documents\github\insyde\insyde\gui\x64\debug\insyde.tlog\cl.write.1.tlog
c:\users\edixon vargas\documents\github\insyde\insyde\gui\x64\debug\insyde.tlog\custombuild.command.1.tlog
c:\users\edixon vargas\documents\github\insyde\insyde\gui\x64\debug\insyde.tlog\custombuild.read.1.tlog
c:\users\edixon vargas\documents\github\insyde\insyde\gui\x64\debug\insyde.tlog\custombuild.write.1.tlog
c:\users\edixon vargas\documents\github\insyde\insyde\gui\x64\debug\insyde.tlog\link.command.1.tlog
c:\users\edixon vargas\documents\github\insyde\insyde\gui\x64\debug\insyde.tlog\link.read.1.tlog
c:\users\edixon vargas\documents\github\insyde\insyde\gui\x64\debug\insyde.tlog\link.write.1.tlog
