  Moc'ing actuador.h...
  Moc'ing actuadormovimiento.h...
  Moc'ing addagentsdialog.h...
  Moc'ing agent.h...
  Moc'ing defineruledialog.h...
  Moc'ing meleeunit.h...
  Moc'ing ofensiveunit.h...
  Moc'ing pheromonedepositor.h...
  Moc'ing pheromoneitem.h...
  Moc'ing sensor.h...
  Moc'ing sensordistancia.h...
  Moc'ing shootingunit.h...
  Moc'ing shootingweapon.h...
  Moc'ing unit.h...
  Uic'ing addagentsdialog.ui...
  Uic'ing defineruledialog.ui...
  ECFunctions.cpp
  actuador.cpp
  actuadormovimiento.cpp
  addagentsdialog.cpp
  agent.cpp
  defineruledialog.cpp
  meleeunit.cpp
  moc_actuador.cpp
  moc_actuadormovimiento.cpp
  moc_addagentsdialog.cpp
  moc_agent.cpp
  moc_defineruledialog.cpp
  moc_meleeunit.cpp
  moc_ofensiveunit.cpp
  moc_pheromonedepositor.cpp
  moc_pheromoneitem.cpp
  moc_sensor.cpp
  moc_sensordistancia.cpp
  moc_shootingunit.cpp
  moc_shootingweapon.cpp
  Generating Code...
  Compiling...
  moc_unit.cpp
  movilagent.cpp
  obstaculo.cpp
  ofensiveunit.cpp
  pheromonedepositor.cpp
  pheromoneitem.cpp
  pheromonesensor.cpp
  regla.cpp
  sensor.cpp
  sensordistancia.cpp
  shootingunit.cpp
  shootingweapon.cpp
  unit.cpp
  weapon.cpp
  Generating Code...
  ec_gui.vcxproj -> C:\Users\Edixon Vargas\Documents\GitHub\INSYDE\INSYDE\ec_gui\..\ec_gui.lib
