c:\users\edixon vargas\documents\github\insyde\insyde\ann_gui\x64\shareddebug\vc140.pdb
c:\users\edixon vargas\documents\github\insyde\insyde\ann_gui\x64\shareddebug\moc_trainingsettable.obj
c:\users\edixon vargas\documents\github\insyde\insyde\ann_gui\x64\shareddebug\moc_trainingsetdialog.obj
c:\users\edixon vargas\documents\github\insyde\insyde\ann_gui\x64\shareddebug\moc_simulatedannealingwidget.obj
c:\users\edixon vargas\documents\github\insyde\insyde\ann_gui\x64\shareddebug\moc_samplesdialog.obj
c:\users\edixon vargas\documents\github\insyde\insyde\ann_gui\x64\shareddebug\moc_perceptronpage.obj
c:\users\edixon vargas\documents\github\insyde\insyde\ann_gui\x64\shareddebug\moc_perceptrondisplay.obj
c:\users\edixon vargas\documents\github\insyde\insyde\ann_gui\x64\shareddebug\moc_mlpobjectpropertydialog.obj
c:\users\edixon vargas\documents\github\insyde\insyde\ann_gui\x64\shareddebug\moc_mlpobject.obj
c:\users\edixon vargas\documents\github\insyde\insyde\ann_gui\x64\shareddebug\moc_anntrainingdialog.obj
c:\users\edixon vargas\documents\github\insyde\insyde\ann_gui\x64\shareddebug\moc_annmodelwrapper.obj
c:\users\edixon vargas\documents\github\insyde\insyde\ann_gui\x64\shareddebug\moc_addnewmlpdialog.obj
c:\users\edixon vargas\documents\github\insyde\insyde\ann_gui\x64\shareddebug\mlpobjectpropertydialog.obj
c:\users\edixon vargas\documents\github\insyde\insyde\ann_gui\x64\shareddebug\mlpobject.obj
c:\users\edixon vargas\documents\github\insyde\insyde\ann_gui\x64\shareddebug\qrc_ann_gui_media.obj
c:\users\edixon vargas\documents\github\insyde\insyde\ann_gui\x64\shareddebug\annview.obj
c:\users\edixon vargas\documents\github\insyde\insyde\ann_gui\x64\shareddebug\anntrainingdialog.obj
c:\users\edixon vargas\documents\github\insyde\insyde\ann_gui\x64\shareddebug\annmodelwrapper.obj
c:\users\edixon vargas\documents\github\insyde\insyde\ann_gui\x64\shareddebug\annmodeltree.obj
c:\users\edixon vargas\documents\github\insyde\insyde\ann_gui\x64\shareddebug\addnewmlpdialog.obj
c:\users\edixon vargas\documents\github\insyde\insyde\ann_gui\x64\shareddebug\adalinepage.obj
c:\users\edixon vargas\documents\github\insyde\insyde\ann_gui\x64\shareddebug\weightline.obj
c:\users\edixon vargas\documents\github\insyde\insyde\ann_gui\x64\shareddebug\weighteditordialog.obj
c:\users\edixon vargas\documents\github\insyde\insyde\ann_gui\x64\shareddebug\tsmodelwrapper.obj
c:\users\edixon vargas\documents\github\insyde\insyde\ann_gui\x64\shareddebug\trainingsettable.obj
c:\users\edixon vargas\documents\github\insyde\insyde\ann_gui\x64\shareddebug\trainingsetdialog.obj
c:\users\edixon vargas\documents\github\insyde\insyde\ann_gui\x64\shareddebug\simulatedannealingwidget.obj
c:\users\edixon vargas\documents\github\insyde\insyde\ann_gui\x64\shareddebug\samplesdialog.obj
c:\users\edixon vargas\documents\github\insyde\insyde\ann_gui\x64\shareddebug\perceptronpage.obj
c:\users\edixon vargas\documents\github\insyde\insyde\ann_gui\x64\shareddebug\perceptrondisplay.obj
c:\users\edixon vargas\documents\github\insyde\insyde\ann_gui\x64\shareddebug\moc_weightline.obj
c:\users\edixon vargas\documents\github\insyde\insyde\ann_gui\x64\shareddebug\moc_weighteditordialog.obj
c:\users\edixon vargas\documents\github\insyde\insyde\ann_gui\x64\shareddebug\moc_tsmodelwrapper.obj
c:\users\edixon vargas\documents\github\insyde\insyde\ann_gui\moc\moc_addnewmlpdialog.cpp
c:\users\edixon vargas\documents\github\insyde\insyde\ann_gui\moc\moc_annmodelwrapper.cpp
c:\users\edixon vargas\documents\github\insyde\insyde\ann_gui\moc\moc_anntrainingdialog.cpp
c:\users\edixon vargas\documents\github\insyde\insyde\ann_gui\moc\moc_mlpobject.cpp
c:\users\edixon vargas\documents\github\insyde\insyde\ann_gui\moc\moc_mlpobjectpropertydialog.cpp
c:\users\edixon vargas\documents\github\insyde\insyde\ann_gui\moc\moc_perceptrondisplay.cpp
c:\users\edixon vargas\documents\github\insyde\insyde\ann_gui\moc\moc_perceptronpage.cpp
c:\users\edixon vargas\documents\github\insyde\insyde\ann_gui\moc\moc_samplesdialog.cpp
c:\users\edixon vargas\documents\github\insyde\insyde\ann_gui\moc\moc_simulatedannealingwidget.cpp
c:\users\edixon vargas\documents\github\insyde\insyde\ann_gui\moc\moc_trainingsetdialog.cpp
c:\users\edixon vargas\documents\github\insyde\insyde\ann_gui\moc\moc_trainingsettable.cpp
c:\users\edixon vargas\documents\github\insyde\insyde\ann_gui\moc\moc_tsmodelwrapper.cpp
c:\users\edixon vargas\documents\github\insyde\insyde\ann_gui\moc\moc_weighteditordialog.cpp
c:\users\edixon vargas\documents\github\insyde\insyde\ann_gui\moc\moc_weightline.cpp
c:\users\edixon vargas\documents\github\insyde\insyde\ann_gui\generatedfiles\ui_adalinepage.h
c:\users\edixon vargas\documents\github\insyde\insyde\ann_gui\generatedfiles\ui_addnewmlpdialog.h
c:\users\edixon vargas\documents\github\insyde\insyde\ann_gui\generatedfiles\ui_graphicmlpelementpropertydialog.h
c:\users\edixon vargas\documents\github\insyde\insyde\ann_gui\generatedfiles\ui_perceptronpage.h
c:\users\edixon vargas\documents\github\insyde\insyde\ann_gui\generatedfiles\ui_samplesdialog.h
c:\users\edixon vargas\documents\github\insyde\insyde\ann_gui\generatedfiles\qrc_ann_gui_media.cpp
c:\users\edixon vargas\documents\github\insyde\insyde\ann_gui\x64\shareddebug\ann_gui.tlog\cl.command.1.tlog
c:\users\edixon vargas\documents\github\insyde\insyde\ann_gui\x64\shareddebug\ann_gui.tlog\cl.read.1.tlog
c:\users\edixon vargas\documents\github\insyde\insyde\ann_gui\x64\shareddebug\ann_gui.tlog\cl.write.1.tlog
c:\users\edixon vargas\documents\github\insyde\insyde\ann_gui\x64\shareddebug\ann_gui.tlog\custombuild.command.1.tlog
c:\users\edixon vargas\documents\github\insyde\insyde\ann_gui\x64\shareddebug\ann_gui.tlog\custombuild.read.1.tlog
c:\users\edixon vargas\documents\github\insyde\insyde\ann_gui\x64\shareddebug\ann_gui.tlog\custombuild.write.1.tlog
c:\users\edixon vargas\documents\github\insyde\insyde\ann_gui\x64\shareddebug\ann_gui.tlog\link.command.1.tlog
c:\users\edixon vargas\documents\github\insyde\insyde\ann_gui\x64\shareddebug\ann_gui.tlog\link.read.1.tlog
c:\users\edixon vargas\documents\github\insyde\insyde\ann_gui\x64\shareddebug\ann_gui.tlog\link.write.1.tlog
