  Moc'ing addnewmlpdialog.h...
  Moc'ing annmodelwrapper.h...
  Moc'ing anntrainingdialog.h...
  Moc'ing mlpobject.h...
  Moc'ing mlpobjectpropertydialog.h...
  Moc'ing perceptrondisplay.h...
  Moc'ing perceptronpage.h...
  Moc'ing samplesdialog.h...
  Moc'ing simulatedannealingwidget.h...
  Moc'ing trainingsetdialog.h...
  Moc'ing trainingsettable.h...
  Moc'ing tsmodelwrapper.h...
  Moc'ing weighteditordialog.h...
  Moc'ing weightline.h...
  Uic'ing adalinepage.ui...
  Uic'ing addnewmlpdialog.ui...
  Uic'ing graphicmlpelementpropertydialog.ui...
  Uic'ing perceptronpage.ui...
  Uic'ing samplesdialog.ui...
  Rcc'ing ann_gui_media.qrc...
  adalinepage.cpp
  addnewmlpdialog.cpp
  annmodeltree.cpp
  annmodelwrapper.cpp
  anntrainingdialog.cpp
  annview.cpp
  qrc_ann_gui_media.cpp
  mlpobject.cpp
  mlpobjectpropertydialog.cpp
  moc_addnewmlpdialog.cpp
  moc_annmodelwrapper.cpp
  moc_anntrainingdialog.cpp
  moc_mlpobject.cpp
  moc_mlpobjectpropertydialog.cpp
  moc_perceptrondisplay.cpp
  moc_perceptronpage.cpp
  moc_samplesdialog.cpp
  moc_simulatedannealingwidget.cpp
  moc_trainingsetdialog.cpp
  moc_trainingsettable.cpp
  Generating Code...
  Compiling...
  moc_tsmodelwrapper.cpp
  moc_weighteditordialog.cpp
  moc_weightline.cpp
  perceptrondisplay.cpp
  perceptronpage.cpp
  samplesdialog.cpp
  simulatedannealingwidget.cpp
  trainingsetdialog.cpp
  trainingsettable.cpp
  tsmodelwrapper.cpp
  weighteditordialog.cpp
  weightline.cpp
  Generating Code...
  ann_gui.vcxproj -> C:\Users\Edixon Vargas\Documents\GitHub\INSYDE\INSYDE\ann_gui\..\ann_gui.lib
