c:\users\edixon vargas\documents\github\insyde\insyde\ann_base\x64\shareddebug\vc140.pdb
c:\users\edixon vargas\documents\github\insyde\insyde\ann_base\x64\shareddebug\trainingresult.obj
c:\users\edixon vargas\documents\github\insyde\insyde\ann_base\x64\shareddebug\simpleperceptronfile.obj
c:\users\edixon vargas\documents\github\insyde\insyde\ann_base\x64\shareddebug\simpleperceptron.obj
c:\users\edixon vargas\documents\github\insyde\insyde\ann_base\x64\shareddebug\simplepattern.obj
c:\users\edixon vargas\documents\github\insyde\insyde\ann_base\x64\shareddebug\satrainingsettings.obj
c:\users\edixon vargas\documents\github\insyde\insyde\ann_base\x64\shareddebug\perceptrontrainingpattern.obj
c:\users\edixon vargas\documents\github\insyde\insyde\ann_base\x64\shareddebug\moc_trainingsetfile.obj
c:\users\edixon vargas\documents\github\insyde\insyde\ann_base\x64\shareddebug\moc_trainingset.obj
c:\users\edixon vargas\documents\github\insyde\insyde\ann_base\x64\shareddebug\moc_trainingresult.obj
c:\users\edixon vargas\documents\github\insyde\insyde\ann_base\x64\shareddebug\moc_mlptrainingresult.obj
c:\users\edixon vargas\documents\github\insyde\insyde\ann_base\x64\shareddebug\moc_mlp.obj
c:\users\edixon vargas\documents\github\insyde\insyde\ann_base\x64\shareddebug\mlptrainingresult.obj
c:\users\edixon vargas\documents\github\insyde\insyde\ann_base\x64\shareddebug\mlppattern.obj
c:\users\edixon vargas\documents\github\insyde\insyde\ann_base\x64\shareddebug\mlp.obj
c:\users\edixon vargas\documents\github\insyde\insyde\ann_base\x64\shareddebug\kohonen.obj
c:\users\edixon vargas\documents\github\insyde\insyde\ann_base\x64\shareddebug\hopfield.obj
c:\users\edixon vargas\documents\github\insyde\insyde\ann_base\x64\shareddebug\bptrainingsettings.obj
c:\users\edixon vargas\documents\github\insyde\insyde\ann_base\x64\shareddebug\artificialneuralnetwork.obj
c:\users\edixon vargas\documents\github\insyde\insyde\ann_base\x64\shareddebug\adalinetrainingpattern.obj
c:\users\edixon vargas\documents\github\insyde\insyde\ann_base\x64\shareddebug\adaline.obj
c:\users\edixon vargas\documents\github\insyde\insyde\ann_base\x64\shareddebug\trainingsetfile.obj
c:\users\edixon vargas\documents\github\insyde\insyde\ann_base\x64\shareddebug\trainingset.obj
c:\users\edixon vargas\documents\github\insyde\insyde\ann_base\moc\moc_mlp.cpp
c:\users\edixon vargas\documents\github\insyde\insyde\ann_base\moc\moc_mlptrainingresult.cpp
c:\users\edixon vargas\documents\github\insyde\insyde\ann_base\moc\moc_trainingresult.cpp
c:\users\edixon vargas\documents\github\insyde\insyde\ann_base\moc\moc_trainingset.cpp
c:\users\edixon vargas\documents\github\insyde\insyde\ann_base\moc\moc_trainingsetfile.cpp
c:\users\edixon vargas\documents\github\insyde\insyde\ann_base\x64\shareddebug\ann_base.tlog\cl.command.1.tlog
c:\users\edixon vargas\documents\github\insyde\insyde\ann_base\x64\shareddebug\ann_base.tlog\cl.read.1.tlog
c:\users\edixon vargas\documents\github\insyde\insyde\ann_base\x64\shareddebug\ann_base.tlog\cl.write.1.tlog
c:\users\edixon vargas\documents\github\insyde\insyde\ann_base\x64\shareddebug\ann_base.tlog\custombuild.command.1.tlog
c:\users\edixon vargas\documents\github\insyde\insyde\ann_base\x64\shareddebug\ann_base.tlog\custombuild.read.1.tlog
c:\users\edixon vargas\documents\github\insyde\insyde\ann_base\x64\shareddebug\ann_base.tlog\custombuild.write.1.tlog
c:\users\edixon vargas\documents\github\insyde\insyde\ann_base\x64\shareddebug\ann_base.tlog\link.command.1.tlog
c:\users\edixon vargas\documents\github\insyde\insyde\ann_base\x64\shareddebug\ann_base.tlog\link.read.1.tlog
c:\users\edixon vargas\documents\github\insyde\insyde\ann_base\x64\shareddebug\ann_base.tlog\link.write.1.tlog
