c:\users\edixon vargas\documents\github\insyde\insyde\core\x64\debug\vc140.pdb
c:\users\edixon vargas\documents\github\insyde\insyde\core\x64\debug\fileeditline.obj
c:\users\edixon vargas\documents\github\insyde\insyde\core\x64\debug\enviroment.obj
c:\users\edixon vargas\documents\github\insyde\insyde\core\x64\debug\effect.obj
c:\users\edixon vargas\documents\github\insyde\insyde\core\x64\debug\doubleminmaxvaluewidget.obj
c:\users\edixon vargas\documents\github\insyde\insyde\core\x64\debug\dotmatrixrepresentation.obj
c:\users\edixon vargas\documents\github\insyde\insyde\core\x64\debug\dotmatrixpropertydialog.obj
c:\users\edixon vargas\documents\github\insyde\insyde\core\x64\debug\dotmatrixdetailedwindow.obj
c:\users\edixon vargas\documents\github\insyde\insyde\core\x64\debug\dotmatrix.obj
c:\users\edixon vargas\documents\github\insyde\insyde\core\x64\debug\detailedwindow.obj
c:\users\edixon vargas\documents\github\insyde\insyde\core\x64\debug\datarepresentationwidget.obj
c:\users\edixon vargas\documents\github\insyde\insyde\core\x64\debug\datarepresentationbox.obj
c:\users\edixon vargas\documents\github\insyde\insyde\core\x64\debug\datarepresentation.obj
c:\users\edixon vargas\documents\github\insyde\insyde\core\x64\debug\connector.obj
c:\users\edixon vargas\documents\github\insyde\insyde\core\x64\debug\common.obj
c:\users\edixon vargas\documents\github\insyde\insyde\core\x64\debug\bnsubwidget.obj
c:\users\edixon vargas\documents\github\insyde\insyde\core\x64\debug\blackwhiteeffect.obj
c:\users\edixon vargas\documents\github\insyde\insyde\core\x64\debug\basictree.obj
c:\users\edixon vargas\documents\github\insyde\insyde\core\x64\debug\basictable.obj
c:\users\edixon vargas\documents\github\insyde\insyde\core\x64\debug\basicdialog.obj
c:\users\edixon vargas\documents\github\insyde\insyde\core\x64\debug\adddotmatrixdialog.obj
c:\users\edixon vargas\documents\github\insyde\insyde\core\x64\debug\moc_adddotmatrixdialog.obj
c:\users\edixon vargas\documents\github\insyde\insyde\core\x64\debug\labeledwidget.obj
c:\users\edixon vargas\documents\github\insyde\insyde\core\x64\debug\labeledintegerspinbox.obj
c:\users\edixon vargas\documents\github\insyde\insyde\core\x64\debug\labeleddoublespinbox.obj
c:\users\edixon vargas\documents\github\insyde\insyde\core\x64\debug\labeledcombobox.obj
c:\users\edixon vargas\documents\github\insyde\insyde\core\x64\debug\integersizewidget.obj
c:\users\edixon vargas\documents\github\insyde\insyde\core\x64\debug\imath.obj
c:\users\edixon vargas\documents\github\insyde\insyde\core\x64\debug\imagerepresentationwidget.obj
c:\users\edixon vargas\documents\github\insyde\insyde\core\x64\debug\imagepropertydialog.obj
c:\users\edixon vargas\documents\github\insyde\insyde\core\x64\debug\imageeffectpropertydialog.obj
c:\users\edixon vargas\documents\github\insyde\insyde\core\x64\debug\imageeffect.obj
c:\users\edixon vargas\documents\github\insyde\insyde\core\x64\debug\imagedetailedwindow.obj
c:\users\edixon vargas\documents\github\insyde\insyde\core\x64\debug\image.obj
c:\users\edixon vargas\documents\github\insyde\insyde\core\x64\debug\gssubwidget.obj
c:\users\edixon vargas\documents\github\insyde\insyde\core\x64\debug\grayscaleeffect.obj
c:\users\edixon vargas\documents\github\insyde\insyde\core\x64\debug\graphicpointer.obj
c:\users\edixon vargas\documents\github\insyde\insyde\core\x64\debug\graphicobjectpropertydialog.obj
c:\users\edixon vargas\documents\github\insyde\insyde\core\x64\debug\graphicobject.obj
c:\users\edixon vargas\documents\github\insyde\insyde\core\x64\debug\graphicdetailedview.obj
c:\users\edixon vargas\documents\github\insyde\insyde\core\x64\debug\graphiccursorelement.obj
c:\users\edixon vargas\documents\github\insyde\insyde\core\x64\debug\moc_gssubwidget.obj
c:\users\edixon vargas\documents\github\insyde\insyde\core\x64\debug\moc_graphicobjectpropertydialog.obj
c:\users\edixon vargas\documents\github\insyde\insyde\core\x64\debug\moc_graphicobject.obj
c:\users\edixon vargas\documents\github\insyde\insyde\core\x64\debug\moc_graphicdetailedview.obj
c:\users\edixon vargas\documents\github\insyde\insyde\core\x64\debug\moc_graphiccursorelement.obj
c:\users\edixon vargas\documents\github\insyde\insyde\core\x64\debug\moc_fileeditline.obj
c:\users\edixon vargas\documents\github\insyde\insyde\core\x64\debug\moc_enviroment.obj
c:\users\edixon vargas\documents\github\insyde\insyde\core\x64\debug\moc_doubleminmaxvaluewidget.obj
c:\users\edixon vargas\documents\github\insyde\insyde\core\x64\debug\moc_dotmatrixrepresentation.obj
c:\users\edixon vargas\documents\github\insyde\insyde\core\x64\debug\moc_dotmatrixpropertydialog.obj
c:\users\edixon vargas\documents\github\insyde\insyde\core\x64\debug\moc_dotmatrixdetailedwindow.obj
c:\users\edixon vargas\documents\github\insyde\insyde\core\x64\debug\moc_dotmatrix.obj
c:\users\edixon vargas\documents\github\insyde\insyde\core\x64\debug\moc_detailedwindow.obj
c:\users\edixon vargas\documents\github\insyde\insyde\core\x64\debug\moc_datarepresentationwidget.obj
c:\users\edixon vargas\documents\github\insyde\insyde\core\x64\debug\moc_datarepresentationbox.obj
c:\users\edixon vargas\documents\github\insyde\insyde\core\x64\debug\moc_connector.obj
c:\users\edixon vargas\documents\github\insyde\insyde\core\x64\debug\moc_bnsubwidget.obj
c:\users\edixon vargas\documents\github\insyde\insyde\core\x64\debug\moc_basictree.obj
c:\users\edixon vargas\documents\github\insyde\insyde\core\x64\debug\moc_basictable.obj
c:\users\edixon vargas\documents\github\insyde\insyde\core\x64\debug\moc_basicdialog.obj
c:\users\edixon vargas\documents\github\insyde\insyde\core\x64\debug\restrictedlinef.obj
c:\users\edixon vargas\documents\github\insyde\insyde\core\x64\debug\rawrepresentationwidget.obj
c:\users\edixon vargas\documents\github\insyde\insyde\core\x64\debug\normalizationwidget.obj
c:\users\edixon vargas\documents\github\insyde\insyde\core\x64\debug\normalization.obj
c:\users\edixon vargas\documents\github\insyde\insyde\core\x64\debug\moc_zoomcontrol.obj
c:\users\edixon vargas\documents\github\insyde\insyde\core\x64\debug\moc_simulation.obj
c:\users\edixon vargas\documents\github\insyde\insyde\core\x64\debug\moc_selectimagesegmentdialog.obj
c:\users\edixon vargas\documents\github\insyde\insyde\core\x64\debug\moc_normalizationwidget.obj
c:\users\edixon vargas\documents\github\insyde\insyde\core\x64\debug\moc_normalization.obj
c:\users\edixon vargas\documents\github\insyde\insyde\core\x64\debug\moc_labeledwidget.obj
c:\users\edixon vargas\documents\github\insyde\insyde\core\x64\debug\moc_labeledintegerspinbox.obj
c:\users\edixon vargas\documents\github\insyde\insyde\core\x64\debug\moc_labeleddoublespinbox.obj
c:\users\edixon vargas\documents\github\insyde\insyde\core\x64\debug\moc_labeledcombobox.obj
c:\users\edixon vargas\documents\github\insyde\insyde\core\x64\debug\moc_integersizewidget.obj
c:\users\edixon vargas\documents\github\insyde\insyde\core\x64\debug\moc_imagerepresentationwidget.obj
c:\users\edixon vargas\documents\github\insyde\insyde\core\x64\debug\moc_imagepropertydialog.obj
c:\users\edixon vargas\documents\github\insyde\insyde\core\x64\debug\moc_imageeffectpropertydialog.obj
c:\users\edixon vargas\documents\github\insyde\insyde\core\x64\debug\moc_imageeffect.obj
c:\users\edixon vargas\documents\github\insyde\insyde\core\x64\debug\moc_imagedetailedwindow.obj
c:\users\edixon vargas\documents\github\insyde\insyde\core\x64\debug\moc_image.obj
c:\users\edixon vargas\documents\github\insyde\insyde\core\x64\debug\zoomcontrol.obj
c:\users\edixon vargas\documents\github\insyde\insyde\core\x64\debug\vector2d.obj
c:\users\edixon vargas\documents\github\insyde\insyde\core\x64\debug\simulation.obj
c:\users\edixon vargas\documents\github\insyde\insyde\core\x64\debug\selectimagesegmentdialog.obj
c:\users\edixon vargas\documents\github\insyde\insyde\core\x64\debug\qrc_core_media.obj
c:\users\edixon vargas\documents\github\insyde\visual_studio_2015_build\core.lib
c:\users\edixon vargas\documents\github\insyde\visual_studio_2015_build\core.exp
c:\users\edixon vargas\documents\github\insyde\insyde\core\moc\moc_adddotmatrixdialog.cpp
c:\users\edixon vargas\documents\github\insyde\insyde\core\moc\moc_basicdialog.cpp
c:\users\edixon vargas\documents\github\insyde\insyde\core\moc\moc_basictable.cpp
c:\users\edixon vargas\documents\github\insyde\insyde\core\moc\moc_basictree.cpp
c:\users\edixon vargas\documents\github\insyde\insyde\core\moc\moc_bnsubwidget.cpp
c:\users\edixon vargas\documents\github\insyde\insyde\core\moc\moc_connector.cpp
c:\users\edixon vargas\documents\github\insyde\insyde\core\moc\moc_datarepresentationbox.cpp
c:\users\edixon vargas\documents\github\insyde\insyde\core\moc\moc_datarepresentationwidget.cpp
c:\users\edixon vargas\documents\github\insyde\insyde\core\moc\moc_detailedwindow.cpp
c:\users\edixon vargas\documents\github\insyde\insyde\core\moc\moc_dotmatrix.cpp
c:\users\edixon vargas\documents\github\insyde\insyde\core\moc\moc_dotmatrixdetailedwindow.cpp
c:\users\edixon vargas\documents\github\insyde\insyde\core\moc\moc_dotmatrixpropertydialog.cpp
c:\users\edixon vargas\documents\github\insyde\insyde\core\moc\moc_dotmatrixrepresentation.cpp
c:\users\edixon vargas\documents\github\insyde\insyde\core\moc\moc_doubleminmaxvaluewidget.cpp
c:\users\edixon vargas\documents\github\insyde\insyde\core\moc\moc_enviroment.cpp
c:\users\edixon vargas\documents\github\insyde\insyde\core\moc\moc_fileeditline.cpp
c:\users\edixon vargas\documents\github\insyde\insyde\core\moc\moc_graphiccursorelement.cpp
c:\users\edixon vargas\documents\github\insyde\insyde\core\moc\moc_graphicdetailedview.cpp
c:\users\edixon vargas\documents\github\insyde\insyde\core\moc\moc_graphicobject.cpp
c:\users\edixon vargas\documents\github\insyde\insyde\core\moc\moc_graphicobjectpropertydialog.cpp
c:\users\edixon vargas\documents\github\insyde\insyde\core\moc\moc_gssubwidget.cpp
c:\users\edixon vargas\documents\github\insyde\insyde\core\moc\moc_image.cpp
c:\users\edixon vargas\documents\github\insyde\insyde\core\moc\moc_imagedetailedwindow.cpp
c:\users\edixon vargas\documents\github\insyde\insyde\core\moc\moc_imageeffect.cpp
c:\users\edixon vargas\documents\github\insyde\insyde\core\moc\moc_imageeffectpropertydialog.cpp
c:\users\edixon vargas\documents\github\insyde\insyde\core\moc\moc_imagepropertydialog.cpp
c:\users\edixon vargas\documents\github\insyde\insyde\core\moc\moc_imagerepresentationwidget.cpp
c:\users\edixon vargas\documents\github\insyde\insyde\core\moc\moc_integersizewidget.cpp
c:\users\edixon vargas\documents\github\insyde\insyde\core\moc\moc_labeledcombobox.cpp
c:\users\edixon vargas\documents\github\insyde\insyde\core\moc\moc_labeleddoublespinbox.cpp
c:\users\edixon vargas\documents\github\insyde\insyde\core\moc\moc_labeledintegerspinbox.cpp
c:\users\edixon vargas\documents\github\insyde\insyde\core\moc\moc_labeledwidget.cpp
c:\users\edixon vargas\documents\github\insyde\insyde\core\moc\moc_normalization.cpp
c:\users\edixon vargas\documents\github\insyde\insyde\core\moc\moc_normalizationwidget.cpp
c:\users\edixon vargas\documents\github\insyde\insyde\core\moc\moc_selectimagesegmentdialog.cpp
c:\users\edixon vargas\documents\github\insyde\insyde\core\moc\moc_simulation.cpp
c:\users\edixon vargas\documents\github\insyde\insyde\core\moc\moc_zoomcontrol.cpp
c:\users\edixon vargas\documents\github\insyde\insyde\core\generatedfiles\ui_bnsubwidget.h
c:\users\edixon vargas\documents\github\insyde\insyde\core\generatedfiles\ui_graphicimageeffectelementpropertydialog.h
c:\users\edixon vargas\documents\github\insyde\insyde\core\generatedfiles\ui_gssubwidget.h
c:\users\edixon vargas\documents\github\insyde\insyde\core\generatedfiles\ui_selectimagesegmentdialog.h
c:\users\edixon vargas\documents\github\insyde\insyde\core\generatedfiles\qrc_core_media.cpp
c:\users\edixon vargas\documents\github\insyde\visual_studio_2015_build\core.ilk
c:\users\edixon vargas\documents\github\insyde\visual_studio_2015_build\core.dll
c:\users\edixon vargas\documents\github\insyde\visual_studio_2015_build\core.pdb
c:\users\edixon vargas\documents\github\insyde\insyde\core\..\..\visual_studio_2015_build\core.dll
c:\users\edixon vargas\documents\github\insyde\insyde\core\x64\debug\core.tlog\cl.command.1.tlog
c:\users\edixon vargas\documents\github\insyde\insyde\core\x64\debug\core.tlog\cl.read.1.tlog
c:\users\edixon vargas\documents\github\insyde\insyde\core\x64\debug\core.tlog\cl.write.1.tlog
c:\users\edixon vargas\documents\github\insyde\insyde\core\x64\debug\core.tlog\core.write.1u.tlog
c:\users\edixon vargas\documents\github\insyde\insyde\core\x64\debug\core.tlog\custombuild.command.1.tlog
c:\users\edixon vargas\documents\github\insyde\insyde\core\x64\debug\core.tlog\custombuild.read.1.tlog
c:\users\edixon vargas\documents\github\insyde\insyde\core\x64\debug\core.tlog\custombuild.write.1.tlog
c:\users\edixon vargas\documents\github\insyde\insyde\core\x64\debug\core.tlog\link.command.1.tlog
c:\users\edixon vargas\documents\github\insyde\insyde\core\x64\debug\core.tlog\link.read.1.tlog
c:\users\edixon vargas\documents\github\insyde\insyde\core\x64\debug\core.tlog\link.write.1.tlog
