c:\users\edixon vargas\documents\github\insyde\insyde\ec_gui\x64\shareddebug\vc140.pdb
c:\users\edixon vargas\documents\github\insyde\insyde\ec_gui\x64\shareddebug\moc_shootingweapon.obj
c:\users\edixon vargas\documents\github\insyde\insyde\ec_gui\x64\shareddebug\moc_shootingunit.obj
c:\users\edixon vargas\documents\github\insyde\insyde\ec_gui\x64\shareddebug\moc_sensordistancia.obj
c:\users\edixon vargas\documents\github\insyde\insyde\ec_gui\x64\shareddebug\moc_sensor.obj
c:\users\edixon vargas\documents\github\insyde\insyde\ec_gui\x64\shareddebug\moc_pheromoneitem.obj
c:\users\edixon vargas\documents\github\insyde\insyde\ec_gui\x64\shareddebug\moc_pheromonedepositor.obj
c:\users\edixon vargas\documents\github\insyde\insyde\ec_gui\x64\shareddebug\moc_ofensiveunit.obj
c:\users\edixon vargas\documents\github\insyde\insyde\ec_gui\x64\shareddebug\moc_meleeunit.obj
c:\users\edixon vargas\documents\github\insyde\insyde\ec_gui\x64\shareddebug\moc_defineruledialog.obj
c:\users\edixon vargas\documents\github\insyde\insyde\ec_gui\x64\shareddebug\moc_agent.obj
c:\users\edixon vargas\documents\github\insyde\insyde\ec_gui\x64\shareddebug\moc_addagentsdialog.obj
c:\users\edixon vargas\documents\github\insyde\insyde\ec_gui\x64\shareddebug\moc_actuadormovimiento.obj
c:\users\edixon vargas\documents\github\insyde\insyde\ec_gui\x64\shareddebug\moc_actuador.obj
c:\users\edixon vargas\documents\github\insyde\insyde\ec_gui\x64\shareddebug\meleeunit.obj
c:\users\edixon vargas\documents\github\insyde\insyde\ec_gui\x64\shareddebug\defineruledialog.obj
c:\users\edixon vargas\documents\github\insyde\insyde\ec_gui\x64\shareddebug\agent.obj
c:\users\edixon vargas\documents\github\insyde\insyde\ec_gui\x64\shareddebug\addagentsdialog.obj
c:\users\edixon vargas\documents\github\insyde\insyde\ec_gui\x64\shareddebug\actuadormovimiento.obj
c:\users\edixon vargas\documents\github\insyde\insyde\ec_gui\x64\shareddebug\actuador.obj
c:\users\edixon vargas\documents\github\insyde\insyde\ec_gui\x64\shareddebug\ecfunctions.obj
c:\users\edixon vargas\documents\github\insyde\insyde\ec_gui\x64\shareddebug\weapon.obj
c:\users\edixon vargas\documents\github\insyde\insyde\ec_gui\x64\shareddebug\unit.obj
c:\users\edixon vargas\documents\github\insyde\insyde\ec_gui\x64\shareddebug\shootingweapon.obj
c:\users\edixon vargas\documents\github\insyde\insyde\ec_gui\x64\shareddebug\shootingunit.obj
c:\users\edixon vargas\documents\github\insyde\insyde\ec_gui\x64\shareddebug\sensordistancia.obj
c:\users\edixon vargas\documents\github\insyde\insyde\ec_gui\x64\shareddebug\sensor.obj
c:\users\edixon vargas\documents\github\insyde\insyde\ec_gui\x64\shareddebug\regla.obj
c:\users\edixon vargas\documents\github\insyde\insyde\ec_gui\x64\shareddebug\pheromonesensor.obj
c:\users\edixon vargas\documents\github\insyde\insyde\ec_gui\x64\shareddebug\pheromoneitem.obj
c:\users\edixon vargas\documents\github\insyde\insyde\ec_gui\x64\shareddebug\pheromonedepositor.obj
c:\users\edixon vargas\documents\github\insyde\insyde\ec_gui\x64\shareddebug\ofensiveunit.obj
c:\users\edixon vargas\documents\github\insyde\insyde\ec_gui\x64\shareddebug\obstaculo.obj
c:\users\edixon vargas\documents\github\insyde\insyde\ec_gui\x64\shareddebug\movilagent.obj
c:\users\edixon vargas\documents\github\insyde\insyde\ec_gui\x64\shareddebug\moc_unit.obj
c:\users\edixon vargas\documents\github\insyde\insyde\ec_gui\moc\moc_actuador.cpp
c:\users\edixon vargas\documents\github\insyde\insyde\ec_gui\moc\moc_actuadormovimiento.cpp
c:\users\edixon vargas\documents\github\insyde\insyde\ec_gui\moc\moc_addagentsdialog.cpp
c:\users\edixon vargas\documents\github\insyde\insyde\ec_gui\moc\moc_agent.cpp
c:\users\edixon vargas\documents\github\insyde\insyde\ec_gui\moc\moc_defineruledialog.cpp
c:\users\edixon vargas\documents\github\insyde\insyde\ec_gui\moc\moc_meleeunit.cpp
c:\users\edixon vargas\documents\github\insyde\insyde\ec_gui\moc\moc_ofensiveunit.cpp
c:\users\edixon vargas\documents\github\insyde\insyde\ec_gui\moc\moc_pheromonedepositor.cpp
c:\users\edixon vargas\documents\github\insyde\insyde\ec_gui\moc\moc_pheromoneitem.cpp
c:\users\edixon vargas\documents\github\insyde\insyde\ec_gui\moc\moc_sensor.cpp
c:\users\edixon vargas\documents\github\insyde\insyde\ec_gui\moc\moc_sensordistancia.cpp
c:\users\edixon vargas\documents\github\insyde\insyde\ec_gui\moc\moc_shootingunit.cpp
c:\users\edixon vargas\documents\github\insyde\insyde\ec_gui\moc\moc_shootingweapon.cpp
c:\users\edixon vargas\documents\github\insyde\insyde\ec_gui\moc\moc_unit.cpp
c:\users\edixon vargas\documents\github\insyde\insyde\ec_gui\generatedfiles\ui_addagentsdialog.h
c:\users\edixon vargas\documents\github\insyde\insyde\ec_gui\generatedfiles\ui_defineruledialog.h
c:\users\edixon vargas\documents\github\insyde\insyde\ec_gui\x64\shareddebug\ec_gui.tlog\cl.command.1.tlog
c:\users\edixon vargas\documents\github\insyde\insyde\ec_gui\x64\shareddebug\ec_gui.tlog\cl.read.1.tlog
c:\users\edixon vargas\documents\github\insyde\insyde\ec_gui\x64\shareddebug\ec_gui.tlog\cl.write.1.tlog
c:\users\edixon vargas\documents\github\insyde\insyde\ec_gui\x64\shareddebug\ec_gui.tlog\custombuild.command.1.tlog
c:\users\edixon vargas\documents\github\insyde\insyde\ec_gui\x64\shareddebug\ec_gui.tlog\custombuild.read.1.tlog
c:\users\edixon vargas\documents\github\insyde\insyde\ec_gui\x64\shareddebug\ec_gui.tlog\custombuild.write.1.tlog
c:\users\edixon vargas\documents\github\insyde\insyde\ec_gui\x64\shareddebug\ec_gui.tlog\link.command.1.tlog
c:\users\edixon vargas\documents\github\insyde\insyde\ec_gui\x64\shareddebug\ec_gui.tlog\link.read.1.tlog
c:\users\edixon vargas\documents\github\insyde\insyde\ec_gui\x64\shareddebug\ec_gui.tlog\link.write.1.tlog
